{"/Users/felipepaiva/workspace/BurjX/src/hooks/usePollKycStatus.ts": {"path":"/Users/felipepaiva/workspace/BurjX/src/hooks/usePollKycStatus.ts","statementMap":{"0":{"start":{"line":37,"column":2},"end":{"line":37,"column":77}},"1":{"start":{"line":51,"column":17},"end":{"line":51,"column":64}},"2":{"start":{"line":52,"column":2},"end":{"line":52,"column":59}},"3":{"start":{"line":54,"column":2},"end":{"line":99,"column":40}},"4":{"start":{"line":55,"column":4},"end":{"line":55,"column":24}},"5":{"start":{"line":55,"column":17},"end":{"line":55,"column":24}},"6":{"start":{"line":57,"column":25},"end":{"line":57,"column":43}},"7":{"start":{"line":58,"column":19},"end":{"line":58,"column":20}},"8":{"start":{"line":59,"column":54},"end":{"line":59,"column":58}},"9":{"start":{"line":61,"column":21},"end":{"line":63,"column":5}},"10":{"start":{"line":62,"column":6},"end":{"line":62,"column":43}},"11":{"start":{"line":65,"column":17},"end":{"line":90,"column":5}},"12":{"start":{"line":67,"column":6},"end":{"line":79,"column":7}},"13":{"start":{"line":68,"column":8},"end":{"line":68,"column":42}},"14":{"start":{"line":70,"column":8},"end":{"line":70,"column":22}},"15":{"start":{"line":71,"column":8},"end":{"line":71,"column":41}},"16":{"start":{"line":71,"column":34},"end":{"line":71,"column":41}},"17":{"start":{"line":72,"column":8},"end":{"line":72,"column":36}},"18":{"start":{"line":73,"column":8},"end":{"line":76,"column":9}},"19":{"start":{"line":74,"column":10},"end":{"line":74,"column":38}},"20":{"start":{"line":75,"column":10},"end":{"line":75,"column":17}},"21":{"start":{"line":77,"column":8},"end":{"line":77,"column":19}},"22":{"start":{"line":78,"column":8},"end":{"line":78,"column":15}},"23":{"start":{"line":81,"column":6},"end":{"line":81,"column":20}},"24":{"start":{"line":82,"column":6},"end":{"line":82,"column":39}},"25":{"start":{"line":82,"column":32},"end":{"line":82,"column":39}},"26":{"start":{"line":83,"column":6},"end":{"line":83,"column":35}},"27":{"start":{"line":84,"column":6},"end":{"line":84,"column":36}},"28":{"start":{"line":84,"column":29},"end":{"line":84,"column":36}},"29":{"start":{"line":85,"column":6},"end":{"line":88,"column":7}},"30":{"start":{"line":86,"column":8},"end":{"line":86,"column":36}},"31":{"start":{"line":87,"column":8},"end":{"line":87,"column":15}},"32":{"start":{"line":89,"column":6},"end":{"line":89,"column":17}},"33":{"start":{"line":92,"column":4},"end":{"line":92,"column":15}},"34":{"start":{"line":94,"column":4},"end":{"line":97,"column":6}},"35":{"start":{"line":95,"column":6},"end":{"line":95,"column":34}},"36":{"start":{"line":96,"column":6},"end":{"line":96,"column":37}},"37":{"start":{"line":96,"column":17},"end":{"line":96,"column":37}}},"fnMap":{"0":{"name":"isStopStatus","decl":{"start":{"line":36,"column":9},"end":{"line":36,"column":21}},"loc":{"start":{"line":36,"column":52},"end":{"line":38,"column":1}},"line":36},"1":{"name":"usePollKycStatus","decl":{"start":{"line":40,"column":16},"end":{"line":40,"column":32}},"loc":{"start":{"line":48,"column":34},"end":{"line":100,"column":1}},"line":48},"2":{"name":"(anonymous_2)","decl":{"start":{"line":54,"column":12},"end":{"line":54,"column":13}},"loc":{"start":{"line":54,"column":18},"end":{"line":99,"column":3}},"line":54},"3":{"name":"(anonymous_3)","decl":{"start":{"line":61,"column":21},"end":{"line":61,"column":22}},"loc":{"start":{"line":61,"column":27},"end":{"line":63,"column":5}},"line":61},"4":{"name":"(anonymous_4)","decl":{"start":{"line":65,"column":17},"end":{"line":65,"column":18}},"loc":{"start":{"line":65,"column":29},"end":{"line":90,"column":5}},"line":65},"5":{"name":"(anonymous_5)","decl":{"start":{"line":94,"column":11},"end":{"line":94,"column":12}},"loc":{"start":{"line":94,"column":17},"end":{"line":97,"column":5}},"line":94}},"branchMap":{"0":{"loc":{"start":{"line":37,"column":9},"end":{"line":37,"column":76}},"type":"binary-expr","locations":[{"start":{"line":37,"column":9},"end":{"line":37,"column":37}},{"start":{"line":37,"column":41},"end":{"line":37,"column":76}}],"line":37},"1":{"loc":{"start":{"line":45,"column":2},"end":{"line":45,"column":20}},"type":"default-arg","locations":[{"start":{"line":45,"column":9},"end":{"line":45,"column":20}}],"line":45},"2":{"loc":{"start":{"line":46,"column":2},"end":{"line":46,"column":17}},"type":"default-arg","locations":[{"start":{"line":46,"column":16},"end":{"line":46,"column":17}}],"line":46},"3":{"loc":{"start":{"line":47,"column":2},"end":{"line":47,"column":19}},"type":"default-arg","locations":[{"start":{"line":47,"column":15},"end":{"line":47,"column":19}}],"line":47},"4":{"loc":{"start":{"line":55,"column":4},"end":{"line":55,"column":24}},"type":"if","locations":[{"start":{"line":55,"column":4},"end":{"line":55,"column":24}},{"start":{},"end":{}}],"line":55},"5":{"loc":{"start":{"line":71,"column":8},"end":{"line":71,"column":41}},"type":"if","locations":[{"start":{"line":71,"column":8},"end":{"line":71,"column":41}},{"start":{},"end":{}}],"line":71},"6":{"loc":{"start":{"line":73,"column":8},"end":{"line":76,"column":9}},"type":"if","locations":[{"start":{"line":73,"column":8},"end":{"line":76,"column":9}},{"start":{},"end":{}}],"line":73},"7":{"loc":{"start":{"line":82,"column":6},"end":{"line":82,"column":39}},"type":"if","locations":[{"start":{"line":82,"column":6},"end":{"line":82,"column":39}},{"start":{},"end":{}}],"line":82},"8":{"loc":{"start":{"line":84,"column":6},"end":{"line":84,"column":36}},"type":"if","locations":[{"start":{"line":84,"column":6},"end":{"line":84,"column":36}},{"start":{},"end":{}}],"line":84},"9":{"loc":{"start":{"line":85,"column":6},"end":{"line":88,"column":7}},"type":"if","locations":[{"start":{"line":85,"column":6},"end":{"line":88,"column":7}},{"start":{},"end":{}}],"line":85},"10":{"loc":{"start":{"line":96,"column":6},"end":{"line":96,"column":37}},"type":"if","locations":[{"start":{"line":96,"column":6},"end":{"line":96,"column":37}},{"start":{},"end":{}}],"line":96}},"s":{"0":6,"1":5,"2":5,"3":5,"4":5,"5":1,"6":4,"7":4,"8":4,"9":4,"10":10,"11":4,"12":10,"13":10,"14":3,"15":3,"16":0,"17":3,"18":3,"19":1,"20":1,"21":2,"22":2,"23":7,"24":7,"25":1,"26":6,"27":6,"28":1,"29":5,"30":1,"31":1,"32":4,"33":4,"34":4,"35":4,"36":4,"37":4},"f":{"0":6,"1":5,"2":5,"3":10,"4":10,"5":4},"b":{"0":[6,5],"1":[0],"2":[1],"3":[0],"4":[1,4],"5":[0,3],"6":[1,2],"7":[1,6],"8":[1,5],"9":[1,4],"10":[4,0]},"_coverageSchema":"1a1c01bbd47fc00a2c39e90264f33305004495a9","hash":"7d1645d2d6d4dcef566f2168490a476e440caf2f"}
,"/Users/felipepaiva/workspace/BurjX/src/services/draftStorage.ts": {"path":"/Users/felipepaiva/workspace/BurjX/src/services/draftStorage.ts","statementMap":{"0":{"start":{"line":20,"column":26},"end":{"line":20,"column":46}},"1":{"start":{"line":21,"column":27},"end":{"line":21,"column":56}},"2":{"start":{"line":26,"column":4},"end":{"line":26,"column":19}},"3":{"start":{"line":27,"column":4},"end":{"line":27,"column":33}},"4":{"start":{"line":33,"column":2},"end":{"line":33,"column":64}},"5":{"start":{"line":33,"column":51},"end":{"line":33,"column":64}},"6":{"start":{"line":34,"column":12},"end":{"line":34,"column":44}},"7":{"start":{"line":35,"column":2},"end":{"line":35,"column":57}},"8":{"start":{"line":35,"column":44},"end":{"line":35,"column":57}},"9":{"start":{"line":36,"column":14},"end":{"line":36,"column":66}},"10":{"start":{"line":37,"column":2},"end":{"line":37,"column":60}},"11":{"start":{"line":37,"column":47},"end":{"line":37,"column":60}},"12":{"start":{"line":38,"column":2},"end":{"line":43,"column":4}},"13":{"start":{"line":54,"column":28},"end":{"line":57,"column":3}},"14":{"start":{"line":58,"column":2},"end":{"line":63,"column":3}},"15":{"start":{"line":59,"column":4},"end":{"line":59,"column":66}},"16":{"start":{"line":60,"column":4},"end":{"line":60,"column":17}},"17":{"start":{"line":62,"column":4},"end":{"line":62,"column":65}},"18":{"start":{"line":72,"column":2},"end":{"line":76,"column":3}},"19":{"start":{"line":73,"column":4},"end":{"line":73,"column":49}},"20":{"start":{"line":75,"column":4},"end":{"line":75,"column":16}},"21":{"start":{"line":77,"column":2},"end":{"line":77,"column":31}},"22":{"start":{"line":77,"column":19},"end":{"line":77,"column":31}},"23":{"start":{"line":78,"column":2},"end":{"line":83,"column":3}},"24":{"start":{"line":79,"column":19},"end":{"line":79,"column":34}},"25":{"start":{"line":80,"column":4},"end":{"line":80,"column":48}},"26":{"start":{"line":82,"column":4},"end":{"line":82,"column":16}},"27":{"start":{"line":91,"column":14},"end":{"line":91,"column":52}},"28":{"start":{"line":92,"column":2},"end":{"line":92,"column":26}},"29":{"start":{"line":92,"column":19},"end":{"line":92,"column":26}},"30":{"start":{"line":93,"column":2},"end":{"line":93,"column":47}},"31":{"start":{"line":94,"column":2},"end":{"line":94,"column":44}},"32":{"start":{"line":103,"column":2},"end":{"line":103,"column":44}}},"fnMap":{"0":{"name":"(anonymous_0)","decl":{"start":{"line":25,"column":2},"end":{"line":25,"column":3}},"loc":{"start":{"line":25,"column":64},"end":{"line":28,"column":3}},"line":25},"1":{"name":"isValidDraft","decl":{"start":{"line":32,"column":9},"end":{"line":32,"column":21}},"loc":{"start":{"line":32,"column":59},"end":{"line":44,"column":1}},"line":32},"2":{"name":"saveDraft","decl":{"start":{"line":50,"column":22},"end":{"line":50,"column":31}},"loc":{"start":{"line":53,"column":23},"end":{"line":64,"column":1}},"line":53},"3":{"name":"loadDraft","decl":{"start":{"line":70,"column":22},"end":{"line":70,"column":31}},"loc":{"start":{"line":70,"column":62},"end":{"line":84,"column":1}},"line":70},"4":{"name":"archiveDraft","decl":{"start":{"line":90,"column":22},"end":{"line":90,"column":34}},"loc":{"start":{"line":90,"column":52},"end":{"line":95,"column":1}},"line":90},"5":{"name":"clearDraft","decl":{"start":{"line":102,"column":22},"end":{"line":102,"column":32}},"loc":{"start":{"line":102,"column":50},"end":{"line":104,"column":1}},"line":102}},"branchMap":{"0":{"loc":{"start":{"line":33,"column":2},"end":{"line":33,"column":64}},"type":"if","locations":[{"start":{"line":33,"column":2},"end":{"line":33,"column":64}},{"start":{},"end":{}}],"line":33},"1":{"loc":{"start":{"line":33,"column":6},"end":{"line":33,"column":49}},"type":"binary-expr","locations":[{"start":{"line":33,"column":6},"end":{"line":33,"column":31}},{"start":{"line":33,"column":35},"end":{"line":33,"column":49}}],"line":33},"2":{"loc":{"start":{"line":35,"column":2},"end":{"line":35,"column":57}},"type":"if","locations":[{"start":{"line":35,"column":2},"end":{"line":35,"column":57}},{"start":{},"end":{}}],"line":35},"3":{"loc":{"start":{"line":37,"column":2},"end":{"line":37,"column":60}},"type":"if","locations":[{"start":{"line":37,"column":2},"end":{"line":37,"column":60}},{"start":{},"end":{}}],"line":37},"4":{"loc":{"start":{"line":37,"column":6},"end":{"line":37,"column":45}},"type":"binary-expr","locations":[{"start":{"line":37,"column":6},"end":{"line":37,"column":29}},{"start":{"line":37,"column":33},"end":{"line":37,"column":45}}],"line":37},"5":{"loc":{"start":{"line":39,"column":4},"end":{"line":42,"column":37}},"type":"binary-expr","locations":[{"start":{"line":39,"column":4},"end":{"line":39,"column":30}},{"start":{"line":40,"column":4},"end":{"line":40,"column":34}},{"start":{"line":41,"column":4},"end":{"line":41,"column":39}},{"start":{"line":42,"column":4},"end":{"line":42,"column":37}}],"line":39},"6":{"loc":{"start":{"line":52,"column":2},"end":{"line":52,"column":24}},"type":"default-arg","locations":[{"start":{"line":52,"column":14},"end":{"line":52,"column":24}}],"line":52},"7":{"loc":{"start":{"line":77,"column":2},"end":{"line":77,"column":31}},"type":"if","locations":[{"start":{"line":77,"column":2},"end":{"line":77,"column":31}},{"start":{},"end":{}}],"line":77},"8":{"loc":{"start":{"line":80,"column":11},"end":{"line":80,"column":47}},"type":"cond-expr","locations":[{"start":{"line":80,"column":34},"end":{"line":80,"column":40}},{"start":{"line":80,"column":43},"end":{"line":80,"column":47}}],"line":80},"9":{"loc":{"start":{"line":92,"column":2},"end":{"line":92,"column":26}},"type":"if","locations":[{"start":{"line":92,"column":2},"end":{"line":92,"column":26}},{"start":{},"end":{}}],"line":92}},"s":{"0":1,"1":1,"2":1,"3":1,"4":2,"5":0,"6":2,"7":2,"8":1,"9":1,"10":1,"11":0,"12":1,"13":4,"14":4,"15":4,"16":3,"17":1,"18":6,"19":6,"20":1,"21":5,"22":2,"23":3,"24":3,"25":2,"26":1,"27":2,"28":2,"29":1,"30":1,"31":1,"32":1},"f":{"0":1,"1":2,"2":4,"3":6,"4":2,"5":1},"b":{"0":[0,2],"1":[2,2],"2":[1,1],"3":[0,1],"4":[1,1],"5":[1,1,1,1],"6":[2],"7":[2,3],"8":[1,1],"9":[1,1]},"_coverageSchema":"1a1c01bbd47fc00a2c39e90264f33305004495a9","hash":"fb9091ad04ee4b30b66a8103a2de12c22a22767a"}
,"/Users/felipepaiva/workspace/BurjX/src/services/fakeKycService.ts": {"path":"/Users/felipepaiva/workspace/BurjX/src/services/fakeKycService.ts","statementMap":{"0":{"start":{"line":23,"column":36},"end":{"line":23,"column":37}},"1":{"start":{"line":25,"column":14},"end":{"line":26,"column":51}},"2":{"start":{"line":26,"column":2},"end":{"line":26,"column":51}},"3":{"start":{"line":26,"column":27},"end":{"line":26,"column":50}},"4":{"start":{"line":35,"column":28},"end":{"line":40,"column":1}},"5":{"start":{"line":43,"column":2},"end":{"line":43,"column":34}},"6":{"start":{"line":47,"column":2},"end":{"line":52,"column":4}},"7":{"start":{"line":60,"column":2},"end":{"line":60,"column":31}},"8":{"start":{"line":61,"column":2},"end":{"line":61,"column":34}},"9":{"start":{"line":62,"column":2},"end":{"line":62,"column":22}},"10":{"start":{"line":63,"column":2},"end":{"line":63,"column":31}},"11":{"start":{"line":74,"column":2},"end":{"line":74,"column":22}},"12":{"start":{"line":75,"column":2},"end":{"line":75,"column":22}},"13":{"start":{"line":76,"column":2},"end":{"line":76,"column":31}},"14":{"start":{"line":81,"column":2},"end":{"line":81,"column":60}},"15":{"start":{"line":85,"column":13},"end":{"line":85,"column":33}},"16":{"start":{"line":86,"column":2},"end":{"line":86,"column":49}},"17":{"start":{"line":86,"column":31},"end":{"line":86,"column":49}},"18":{"start":{"line":87,"column":2},"end":{"line":87,"column":61}},"19":{"start":{"line":87,"column":33},"end":{"line":87,"column":61}},"20":{"start":{"line":88,"column":2},"end":{"line":88,"column":20}},"21":{"start":{"line":92,"column":18},"end":{"line":92,"column":64}},"22":{"start":{"line":93,"column":2},"end":{"line":101,"column":3}},"23":{"start":{"line":94,"column":4},"end":{"line":100,"column":6}},"24":{"start":{"line":102,"column":2},"end":{"line":110,"column":3}},"25":{"start":{"line":103,"column":4},"end":{"line":109,"column":6}},"26":{"start":{"line":111,"column":2},"end":{"line":116,"column":4}},"27":{"start":{"line":121,"column":2},"end":{"line":121,"column":16}},"28":{"start":{"line":122,"column":2},"end":{"line":122,"column":47}},"29":{"start":{"line":136,"column":2},"end":{"line":136,"column":16}},"30":{"start":{"line":137,"column":15},"end":{"line":137,"column":52}},"31":{"start":{"line":138,"column":2},"end":{"line":140,"column":3}},"32":{"start":{"line":139,"column":4},"end":{"line":139,"column":16}},"33":{"start":{"line":141,"column":33},"end":{"line":152,"column":21}},"34":{"start":{"line":153,"column":2},"end":{"line":153,"column":25}},"35":{"start":{"line":156,"column":2},"end":{"line":156,"column":40}},"36":{"start":{"line":157,"column":2},"end":{"line":157,"column":31}},"37":{"start":{"line":158,"column":2},"end":{"line":158,"column":16}},"38":{"start":{"line":170,"column":2},"end":{"line":170,"column":16}},"39":{"start":{"line":172,"column":17},"end":{"line":172,"column":55}},"40":{"start":{"line":173,"column":2},"end":{"line":173,"column":28}},"41":{"start":{"line":173,"column":14},"end":{"line":173,"column":28}},"42":{"start":{"line":175,"column":15},"end":{"line":175,"column":52}},"43":{"start":{"line":178,"column":2},"end":{"line":180,"column":3}},"44":{"start":{"line":179,"column":4},"end":{"line":179,"column":37}},"45":{"start":{"line":183,"column":2},"end":{"line":183,"column":46}},"46":{"start":{"line":184,"column":2},"end":{"line":184,"column":22}},"47":{"start":{"line":186,"column":36},"end":{"line":191,"column":3}},"48":{"start":{"line":192,"column":2},"end":{"line":192,"column":28}},"49":{"start":{"line":193,"column":2},"end":{"line":193,"column":52}},"50":{"start":{"line":194,"column":2},"end":{"line":194,"column":19}},"51":{"start":{"line":204,"column":2},"end":{"line":204,"column":16}},"52":{"start":{"line":205,"column":18},"end":{"line":205,"column":55}},"53":{"start":{"line":208,"column":2},"end":{"line":210,"column":3}},"54":{"start":{"line":209,"column":4},"end":{"line":209,"column":19}},"55":{"start":{"line":211,"column":2},"end":{"line":213,"column":3}},"56":{"start":{"line":212,"column":4},"end":{"line":212,"column":19}},"57":{"start":{"line":215,"column":2},"end":{"line":215,"column":23}},"58":{"start":{"line":216,"column":2},"end":{"line":219,"column":3}},"59":{"start":{"line":217,"column":4},"end":{"line":217,"column":42}},"60":{"start":{"line":218,"column":4},"end":{"line":218,"column":25}},"61":{"start":{"line":220,"column":2},"end":{"line":220,"column":17}}},"fnMap":{"0":{"name":"(anonymous_0)","decl":{"start":{"line":25,"column":14},"end":{"line":25,"column":15}},"loc":{"start":{"line":26,"column":2},"end":{"line":26,"column":51}},"line":26},"1":{"name":"(anonymous_1)","decl":{"start":{"line":26,"column":14},"end":{"line":26,"column":15}},"loc":{"start":{"line":26,"column":27},"end":{"line":26,"column":50}},"line":26},"2":{"name":"nowIso","decl":{"start":{"line":42,"column":9},"end":{"line":42,"column":15}},"loc":{"start":{"line":42,"column":26},"end":{"line":44,"column":1}},"line":42},"3":{"name":"defaultApplication","decl":{"start":{"line":46,"column":9},"end":{"line":46,"column":27}},"loc":{"start":{"line":46,"column":46},"end":{"line":53,"column":1}},"line":46},"4":{"name":"__resetKyc","decl":{"start":{"line":59,"column":16},"end":{"line":59,"column":26}},"loc":{"start":{"line":59,"column":56},"end":{"line":64,"column":1}},"line":59},"5":{"name":"seedKyc","decl":{"start":{"line":73,"column":16},"end":{"line":73,"column":23}},"loc":{"start":{"line":73,"column":51},"end":{"line":77,"column":1}},"line":73},"6":{"name":"isLockedStatus","decl":{"start":{"line":80,"column":9},"end":{"line":80,"column":23}},"loc":{"start":{"line":80,"column":67},"end":{"line":82,"column":1}},"line":80},"7":{"name":"classifyOutcome","decl":{"start":{"line":84,"column":9},"end":{"line":84,"column":24}},"loc":{"start":{"line":84,"column":87},"end":{"line":89,"column":1}},"line":84},"8":{"name":"buildTerminal","decl":{"start":{"line":91,"column":9},"end":{"line":91,"column":22}},"loc":{"start":{"line":91,"column":61},"end":{"line":117,"column":1}},"line":91},"9":{"name":"fetchKycApplication","decl":{"start":{"line":120,"column":22},"end":{"line":120,"column":41}},"loc":{"start":{"line":120,"column":69},"end":{"line":123,"column":1}},"line":120},"10":{"name":"saveKycDraft","decl":{"start":{"line":133,"column":22},"end":{"line":133,"column":34}},"loc":{"start":{"line":135,"column":27},"end":{"line":159,"column":1}},"line":135},"11":{"name":"submitKycApplication","decl":{"start":{"line":167,"column":22},"end":{"line":167,"column":42}},"loc":{"start":{"line":169,"column":27},"end":{"line":195,"column":1}},"line":169},"12":{"name":"pollKycStatus","decl":{"start":{"line":203,"column":22},"end":{"line":203,"column":35}},"loc":{"start":{"line":203,"column":63},"end":{"line":221,"column":1}},"line":203}},"branchMap":{"0":{"loc":{"start":{"line":25,"column":15},"end":{"line":25,"column":23}},"type":"default-arg","locations":[{"start":{"line":25,"column":20},"end":{"line":25,"column":23}}],"line":25},"1":{"loc":{"start":{"line":60,"column":18},"end":{"line":60,"column":30}},"type":"binary-expr","locations":[{"start":{"line":60,"column":18},"end":{"line":60,"column":22}},{"start":{"line":60,"column":26},"end":{"line":60,"column":30}}],"line":60},"2":{"loc":{"start":{"line":81,"column":9},"end":{"line":81,"column":59}},"type":"binary-expr","locations":[{"start":{"line":81,"column":9},"end":{"line":81,"column":31}},{"start":{"line":81,"column":35},"end":{"line":81,"column":59}}],"line":81},"3":{"loc":{"start":{"line":85,"column":13},"end":{"line":85,"column":33}},"type":"binary-expr","locations":[{"start":{"line":85,"column":13},"end":{"line":85,"column":27}},{"start":{"line":85,"column":31},"end":{"line":85,"column":33}}],"line":85},"4":{"loc":{"start":{"line":86,"column":2},"end":{"line":86,"column":49}},"type":"if","locations":[{"start":{"line":86,"column":2},"end":{"line":86,"column":49}},{"start":{},"end":{}}],"line":86},"5":{"loc":{"start":{"line":87,"column":2},"end":{"line":87,"column":61}},"type":"if","locations":[{"start":{"line":87,"column":2},"end":{"line":87,"column":61}},{"start":{},"end":{}}],"line":87},"6":{"loc":{"start":{"line":93,"column":2},"end":{"line":101,"column":3}},"type":"if","locations":[{"start":{"line":93,"column":2},"end":{"line":101,"column":3}},{"start":{},"end":{}}],"line":93},"7":{"loc":{"start":{"line":102,"column":2},"end":{"line":110,"column":3}},"type":"if","locations":[{"start":{"line":102,"column":2},"end":{"line":110,"column":3}},{"start":{},"end":{}}],"line":102},"8":{"loc":{"start":{"line":122,"column":9},"end":{"line":122,"column":46}},"type":"binary-expr","locations":[{"start":{"line":122,"column":9},"end":{"line":122,"column":22}},{"start":{"line":122,"column":26},"end":{"line":122,"column":46}}],"line":122},"9":{"loc":{"start":{"line":137,"column":15},"end":{"line":137,"column":52}},"type":"binary-expr","locations":[{"start":{"line":137,"column":15},"end":{"line":137,"column":28}},{"start":{"line":137,"column":32},"end":{"line":137,"column":52}}],"line":137},"10":{"loc":{"start":{"line":138,"column":2},"end":{"line":140,"column":3}},"type":"if","locations":[{"start":{"line":138,"column":2},"end":{"line":140,"column":3}},{"start":{},"end":{}}],"line":138},"11":{"loc":{"start":{"line":145,"column":18},"end":{"line":147,"column":25}},"type":"cond-expr","locations":[{"start":{"line":146,"column":8},"end":{"line":146,"column":55}},{"start":{"line":147,"column":8},"end":{"line":147,"column":25}}],"line":145},"12":{"loc":{"start":{"line":148,"column":13},"end":{"line":148,"column":81}},"type":"cond-expr","locations":[{"start":{"line":148,"column":29},"end":{"line":148,"column":66}},{"start":{"line":148,"column":69},"end":{"line":148,"column":81}}],"line":148},"13":{"loc":{"start":{"line":149,"column":14},"end":{"line":149,"column":86}},"type":"cond-expr","locations":[{"start":{"line":149,"column":31},"end":{"line":149,"column":70}},{"start":{"line":149,"column":73},"end":{"line":149,"column":86}}],"line":149},"14":{"loc":{"start":{"line":173,"column":2},"end":{"line":173,"column":28}},"type":"if","locations":[{"start":{"line":173,"column":2},"end":{"line":173,"column":28}},{"start":{},"end":{}}],"line":173},"15":{"loc":{"start":{"line":175,"column":15},"end":{"line":175,"column":52}},"type":"binary-expr","locations":[{"start":{"line":175,"column":15},"end":{"line":175,"column":28}},{"start":{"line":175,"column":32},"end":{"line":175,"column":52}}],"line":175},"16":{"loc":{"start":{"line":178,"column":2},"end":{"line":180,"column":3}},"type":"if","locations":[{"start":{"line":178,"column":2},"end":{"line":180,"column":3}},{"start":{},"end":{}}],"line":178},"17":{"loc":{"start":{"line":205,"column":18},"end":{"line":205,"column":55}},"type":"binary-expr","locations":[{"start":{"line":205,"column":18},"end":{"line":205,"column":31}},{"start":{"line":205,"column":35},"end":{"line":205,"column":55}}],"line":205},"18":{"loc":{"start":{"line":208,"column":2},"end":{"line":210,"column":3}},"type":"if","locations":[{"start":{"line":208,"column":2},"end":{"line":210,"column":3}},{"start":{},"end":{}}],"line":208},"19":{"loc":{"start":{"line":208,"column":6},"end":{"line":208,"column":81}},"type":"binary-expr","locations":[{"start":{"line":208,"column":6},"end":{"line":208,"column":38}},{"start":{"line":208,"column":42},"end":{"line":208,"column":81}}],"line":208},"20":{"loc":{"start":{"line":211,"column":2},"end":{"line":213,"column":3}},"type":"if","locations":[{"start":{"line":211,"column":2},"end":{"line":213,"column":3}},{"start":{},"end":{}}],"line":211},"21":{"loc":{"start":{"line":216,"column":2},"end":{"line":219,"column":3}},"type":"if","locations":[{"start":{"line":216,"column":2},"end":{"line":219,"column":3}},{"start":{},"end":{}}],"line":216},"22":{"loc":{"start":{"line":216,"column":6},"end":{"line":216,"column":70}},"type":"binary-expr","locations":[{"start":{"line":216,"column":6},"end":{"line":216,"column":45}},{"start":{"line":216,"column":49},"end":{"line":216,"column":70}}],"line":216}},"s":{"0":3,"1":3,"2":45,"3":45,"4":3,"5":26,"6":2,"7":28,"8":28,"9":28,"10":28,"11":1,"12":1,"13":1,"14":3,"15":11,"16":11,"17":2,"18":9,"19":2,"20":7,"21":11,"22":11,"23":2,"24":9,"25":2,"26":7,"27":2,"28":2,"29":3,"30":3,"31":3,"32":1,"33":2,"34":2,"35":2,"36":2,"37":2,"38":13,"39":13,"40":13,"41":1,"42":12,"43":12,"44":1,"45":11,"46":11,"47":11,"48":11,"49":11,"50":11,"51":27,"52":27,"53":27,"54":1,"55":26,"56":2,"57":24,"58":24,"59":8,"60":8,"61":16},"f":{"0":45,"1":45,"2":26,"3":2,"4":28,"5":1,"6":3,"7":11,"8":11,"9":2,"10":3,"11":13,"12":27},"b":{"0":[45],"1":[28,17],"2":[3,2],"3":[11,0],"4":[2,9],"5":[2,7],"6":[2,9],"7":[2,7],"8":[2,1],"9":[3,0],"10":[1,2],"11":[0,2],"12":[0,2],"13":[2,0],"14":[1,12],"15":[12,0],"16":[1,11],"17":[27,1],"18":[1,26],"19":[27,26],"20":[2,24],"21":[8,16],"22":[24,8]},"_coverageSchema":"1a1c01bbd47fc00a2c39e90264f33305004495a9","hash":"b8094e0214b0acbcc848145680248e037116ddc4"}
,"/Users/felipepaiva/workspace/BurjX/src/state/conflictResolution.ts": {"path":"/Users/felipepaiva/workspace/BurjX/src/state/conflictResolution.ts","statementMap":{"0":{"start":{"line":47,"column":17},"end":{"line":47,"column":49}},"1":{"start":{"line":48,"column":18},"end":{"line":48,"column":46}},"2":{"start":{"line":49,"column":21},"end":{"line":49,"column":92}},"3":{"start":{"line":50,"column":2},"end":{"line":50,"column":33}},"4":{"start":{"line":50,"column":19},"end":{"line":50,"column":33}},"5":{"start":{"line":52,"column":13},"end":{"line":52,"column":30}},"6":{"start":{"line":53,"column":2},"end":{"line":59,"column":4}},"7":{"start":{"line":66,"column":2},"end":{"line":88,"column":3}},"8":{"start":{"line":67,"column":4},"end":{"line":78,"column":5}},"9":{"start":{"line":68,"column":21},"end":{"line":68,"column":48}},"10":{"start":{"line":69,"column":23},"end":{"line":69,"column":46}},"11":{"start":{"line":70,"column":26},"end":{"line":70,"column":65}},"12":{"start":{"line":71,"column":6},"end":{"line":77,"column":8}},"13":{"start":{"line":81,"column":4},"end":{"line":87,"column":6}},"14":{"start":{"line":91,"column":2},"end":{"line":99,"column":3}},"15":{"start":{"line":92,"column":4},"end":{"line":98,"column":6}},"16":{"start":{"line":105,"column":2},"end":{"line":113,"column":3}},"17":{"start":{"line":106,"column":4},"end":{"line":112,"column":6}},"18":{"start":{"line":115,"column":17},"end":{"line":115,"column":49}},"19":{"start":{"line":116,"column":18},"end":{"line":116,"column":46}},"20":{"start":{"line":117,"column":22},"end":{"line":117,"column":75}},"21":{"start":{"line":119,"column":2},"end":{"line":131,"column":3}},"22":{"start":{"line":122,"column":4},"end":{"line":130,"column":6}},"23":{"start":{"line":133,"column":2},"end":{"line":139,"column":4}}},"fnMap":{"0":{"name":"prefill","decl":{"start":{"line":46,"column":16},"end":{"line":46,"column":23}},"loc":{"start":{"line":46,"column":83},"end":{"line":60,"column":1}},"line":46},"1":{"name":"reconcile","decl":{"start":{"line":62,"column":16},"end":{"line":62,"column":25}},"loc":{"start":{"line":65,"column":14},"end":{"line":140,"column":1}},"line":65}},"branchMap":{"0":{"loc":{"start":{"line":49,"column":21},"end":{"line":49,"column":92}},"type":"binary-expr","locations":[{"start":{"line":49,"column":21},"end":{"line":49,"column":44}},{"start":{"line":49,"column":48},"end":{"line":49,"column":72}},{"start":{"line":49,"column":76},"end":{"line":49,"column":92}}],"line":49},"1":{"loc":{"start":{"line":50,"column":2},"end":{"line":50,"column":33}},"type":"if","locations":[{"start":{"line":50,"column":2},"end":{"line":50,"column":33}},{"start":{},"end":{}}],"line":50},"2":{"loc":{"start":{"line":55,"column":18},"end":{"line":55,"column":56}},"type":"binary-expr","locations":[{"start":{"line":55,"column":18},"end":{"line":55,"column":33}},{"start":{"line":55,"column":37},"end":{"line":55,"column":56}}],"line":55},"3":{"loc":{"start":{"line":56,"column":13},"end":{"line":56,"column":41}},"type":"binary-expr","locations":[{"start":{"line":56,"column":13},"end":{"line":56,"column":23}},{"start":{"line":56,"column":27},"end":{"line":56,"column":41}}],"line":56},"4":{"loc":{"start":{"line":57,"column":14},"end":{"line":57,"column":44}},"type":"binary-expr","locations":[{"start":{"line":57,"column":14},"end":{"line":57,"column":25}},{"start":{"line":57,"column":29},"end":{"line":57,"column":44}}],"line":57},"5":{"loc":{"start":{"line":66,"column":2},"end":{"line":88,"column":3}},"type":"if","locations":[{"start":{"line":66,"column":2},"end":{"line":88,"column":3}},{"start":{},"end":{}}],"line":66},"6":{"loc":{"start":{"line":67,"column":4},"end":{"line":78,"column":5}},"type":"if","locations":[{"start":{"line":67,"column":4},"end":{"line":78,"column":5}},{"start":{},"end":{}}],"line":67},"7":{"loc":{"start":{"line":68,"column":21},"end":{"line":68,"column":48}},"type":"binary-expr","locations":[{"start":{"line":68,"column":21},"end":{"line":68,"column":42}},{"start":{"line":68,"column":46},"end":{"line":68,"column":48}}],"line":68},"8":{"loc":{"start":{"line":70,"column":26},"end":{"line":70,"column":65}},"type":"cond-expr","locations":[{"start":{"line":70,"column":34},"end":{"line":70,"column":56}},{"start":{"line":70,"column":59},"end":{"line":70,"column":65}}],"line":70},"9":{"loc":{"start":{"line":91,"column":2},"end":{"line":99,"column":3}},"type":"if","locations":[{"start":{"line":91,"column":2},"end":{"line":99,"column":3}},{"start":{},"end":{}}],"line":91},"10":{"loc":{"start":{"line":95,"column":16},"end":{"line":95,"column":53}},"type":"binary-expr","locations":[{"start":{"line":95,"column":16},"end":{"line":95,"column":34}},{"start":{"line":95,"column":38},"end":{"line":95,"column":53}}],"line":95},"11":{"loc":{"start":{"line":105,"column":2},"end":{"line":113,"column":3}},"type":"if","locations":[{"start":{"line":105,"column":2},"end":{"line":113,"column":3}},{"start":{},"end":{}}],"line":105},"12":{"loc":{"start":{"line":109,"column":16},"end":{"line":109,"column":64}},"type":"binary-expr","locations":[{"start":{"line":109,"column":16},"end":{"line":109,"column":45}},{"start":{"line":109,"column":49},"end":{"line":109,"column":64}}],"line":109},"13":{"loc":{"start":{"line":117,"column":22},"end":{"line":117,"column":75}},"type":"binary-expr","locations":[{"start":{"line":117,"column":22},"end":{"line":117,"column":46}},{"start":{"line":117,"column":50},"end":{"line":117,"column":75}}],"line":117},"14":{"loc":{"start":{"line":119,"column":2},"end":{"line":131,"column":3}},"type":"if","locations":[{"start":{"line":119,"column":2},"end":{"line":131,"column":3}},{"start":{},"end":{}}],"line":119},"15":{"loc":{"start":{"line":119,"column":6},"end":{"line":119,"column":38}},"type":"binary-expr","locations":[{"start":{"line":119,"column":6},"end":{"line":119,"column":17}},{"start":{"line":119,"column":21},"end":{"line":119,"column":38}}],"line":119},"16":{"loc":{"start":{"line":125,"column":16},"end":{"line":125,"column":64}},"type":"binary-expr","locations":[{"start":{"line":125,"column":16},"end":{"line":125,"column":45}},{"start":{"line":125,"column":49},"end":{"line":125,"column":64}}],"line":125},"17":{"loc":{"start":{"line":126,"column":14},"end":{"line":128,"column":33}},"type":"cond-expr","locations":[{"start":{"line":127,"column":10},"end":{"line":127,"column":60}},{"start":{"line":128,"column":10},"end":{"line":128,"column":33}}],"line":126},"18":{"loc":{"start":{"line":136,"column":14},"end":{"line":136,"column":51}},"type":"binary-expr","locations":[{"start":{"line":136,"column":14},"end":{"line":136,"column":32}},{"start":{"line":136,"column":36},"end":{"line":136,"column":51}}],"line":136}},"s":{"0":3,"1":3,"2":3,"3":3,"4":1,"5":2,"6":2,"7":15,"8":9,"9":5,"10":5,"11":5,"12":5,"13":4,"14":6,"15":1,"16":5,"17":1,"18":4,"19":4,"20":4,"21":4,"22":3,"23":1},"f":{"0":3,"1":15},"b":{"0":[3,3,3],"1":[1,2],"2":[2,1],"3":[2,1],"4":[2,2],"5":[9,6],"6":[5,4],"7":[5,0],"8":[1,4],"9":[1,5],"10":[1,0],"11":[1,4],"12":[1,0],"13":[4,3],"14":[3,1],"15":[4,3],"16":[3,0],"17":[1,2],"18":[1,0]},"_coverageSchema":"1a1c01bbd47fc00a2c39e90264f33305004495a9","hash":"96577b9d06212d2d4b22b43ace8302a3984a56a8"}
,"/Users/felipepaiva/workspace/BurjX/src/state/reducer.ts": {"path":"/Users/felipepaiva/workspace/BurjX/src/state/reducer.ts","statementMap":{"0":{"start":{"line":58,"column":42},"end":{"line":67,"column":1}},"1":{"start":{"line":71,"column":29},"end":{"line":71,"column":71}},"2":{"start":{"line":71,"column":56},"end":{"line":71,"column":70}},"3":{"start":{"line":107,"column":2},"end":{"line":114,"column":4}},"4":{"start":{"line":118,"column":2},"end":{"line":283,"column":3}},"5":{"start":{"line":120,"column":6},"end":{"line":120,"column":65}},"6":{"start":{"line":124,"column":6},"end":{"line":134,"column":8}},"7":{"start":{"line":137,"column":6},"end":{"line":137,"column":43}},"8":{"start":{"line":137,"column":30},"end":{"line":137,"column":43}},"9":{"start":{"line":138,"column":18},"end":{"line":138,"column":35}},"10":{"start":{"line":139,"column":22},"end":{"line":139,"column":47}},"11":{"start":{"line":142,"column":38},"end":{"line":145,"column":7}},"12":{"start":{"line":146,"column":6},"end":{"line":146,"column":48}},"13":{"start":{"line":150,"column":6},"end":{"line":150,"column":74}},"14":{"start":{"line":153,"column":6},"end":{"line":153,"column":59}},"15":{"start":{"line":156,"column":18},"end":{"line":156,"column":54}},"16":{"start":{"line":157,"column":6},"end":{"line":157,"column":64}},"17":{"start":{"line":157,"column":51},"end":{"line":157,"column":64}},"18":{"start":{"line":158,"column":6},"end":{"line":162,"column":8}},"19":{"start":{"line":166,"column":18},"end":{"line":166,"column":54}},"20":{"start":{"line":167,"column":6},"end":{"line":167,"column":33}},"21":{"start":{"line":167,"column":20},"end":{"line":167,"column":33}},"22":{"start":{"line":168,"column":6},"end":{"line":172,"column":8}},"23":{"start":{"line":176,"column":6},"end":{"line":176,"column":64}},"24":{"start":{"line":179,"column":6},"end":{"line":183,"column":8}},"25":{"start":{"line":187,"column":6},"end":{"line":191,"column":8}},"26":{"start":{"line":194,"column":6},"end":{"line":194,"column":68}},"27":{"start":{"line":197,"column":19},"end":{"line":197,"column":61}},"28":{"start":{"line":198,"column":17},"end":{"line":198,"column":42}},"29":{"start":{"line":199,"column":6},"end":{"line":203,"column":7}},"30":{"start":{"line":200,"column":8},"end":{"line":200,"column":35}},"31":{"start":{"line":202,"column":8},"end":{"line":202,"column":50}},"32":{"start":{"line":204,"column":6},"end":{"line":212,"column":8}},"33":{"start":{"line":216,"column":6},"end":{"line":220,"column":8}},"34":{"start":{"line":223,"column":6},"end":{"line":223,"column":65}},"35":{"start":{"line":226,"column":19},"end":{"line":226,"column":61}},"36":{"start":{"line":227,"column":17},"end":{"line":227,"column":42}},"37":{"start":{"line":228,"column":6},"end":{"line":232,"column":7}},"38":{"start":{"line":229,"column":8},"end":{"line":229,"column":35}},"39":{"start":{"line":231,"column":8},"end":{"line":231,"column":50}},"40":{"start":{"line":233,"column":22},"end":{"line":233,"column":73}},"41":{"start":{"line":235,"column":8},"end":{"line":239,"column":31}},"42":{"start":{"line":240,"column":6},"end":{"line":246,"column":8}},"43":{"start":{"line":250,"column":6},"end":{"line":258,"column":8}},"44":{"start":{"line":261,"column":6},"end":{"line":266,"column":8}},"45":{"start":{"line":269,"column":6},"end":{"line":274,"column":8}},"46":{"start":{"line":277,"column":6},"end":{"line":277,"column":33}},"47":{"start":{"line":280,"column":33},"end":{"line":280,"column":39}},"48":{"start":{"line":281,"column":6},"end":{"line":281,"column":34}},"49":{"start":{"line":294,"column":2},"end":{"line":305,"column":3}},"50":{"start":{"line":296,"column":6},"end":{"line":296,"column":24}},"51":{"start":{"line":298,"column":6},"end":{"line":298,"column":24}},"52":{"start":{"line":300,"column":6},"end":{"line":300,"column":23}},"53":{"start":{"line":302,"column":6},"end":{"line":302,"column":25}},"54":{"start":{"line":304,"column":6},"end":{"line":304,"column":18}}},"fnMap":{"0":{"name":"(anonymous_0)","decl":{"start":{"line":71,"column":49},"end":{"line":71,"column":50}},"loc":{"start":{"line":71,"column":56},"end":{"line":71,"column":70}},"line":71},"1":{"name":"illegalTransition","decl":{"start":{"line":102,"column":9},"end":{"line":102,"column":26}},"loc":{"start":{"line":106,"column":16},"end":{"line":115,"column":1}},"line":106},"2":{"name":"reducer","decl":{"start":{"line":117,"column":16},"end":{"line":117,"column":23}},"loc":{"start":{"line":117,"column":75},"end":{"line":284,"column":1}},"line":117},"3":{"name":"selectStatusVariant","decl":{"start":{"line":293,"column":16},"end":{"line":293,"column":35}},"loc":{"start":{"line":293,"column":79},"end":{"line":306,"column":1}},"line":293}},"branchMap":{"0":{"loc":{"start":{"line":118,"column":2},"end":{"line":283,"column":3}},"type":"switch","locations":[{"start":{"line":119,"column":4},"end":{"line":120,"column":65}},{"start":{"line":122,"column":4},"end":{"line":134,"column":8}},{"start":{"line":136,"column":4},"end":{"line":147,"column":5}},{"start":{"line":149,"column":4},"end":{"line":150,"column":74}},{"start":{"line":152,"column":4},"end":{"line":153,"column":59}},{"start":{"line":155,"column":4},"end":{"line":163,"column":5}},{"start":{"line":165,"column":4},"end":{"line":173,"column":5}},{"start":{"line":175,"column":4},"end":{"line":176,"column":64}},{"start":{"line":178,"column":4},"end":{"line":183,"column":8}},{"start":{"line":185,"column":4},"end":{"line":191,"column":8}},{"start":{"line":193,"column":4},"end":{"line":194,"column":68}},{"start":{"line":196,"column":4},"end":{"line":213,"column":5}},{"start":{"line":215,"column":4},"end":{"line":220,"column":8}},{"start":{"line":222,"column":4},"end":{"line":223,"column":65}},{"start":{"line":225,"column":4},"end":{"line":247,"column":5}},{"start":{"line":249,"column":4},"end":{"line":258,"column":8}},{"start":{"line":260,"column":4},"end":{"line":266,"column":8}},{"start":{"line":268,"column":4},"end":{"line":274,"column":8}},{"start":{"line":276,"column":4},"end":{"line":277,"column":33}},{"start":{"line":279,"column":4},"end":{"line":282,"column":5}}],"line":118},"1":{"loc":{"start":{"line":133,"column":10},"end":{"line":133,"column":65}},"type":"binary-expr","locations":[{"start":{"line":133,"column":10},"end":{"line":133,"column":36}},{"start":{"line":133,"column":40},"end":{"line":133,"column":65}}],"line":133},"2":{"loc":{"start":{"line":137,"column":6},"end":{"line":137,"column":43}},"type":"if","locations":[{"start":{"line":137,"column":6},"end":{"line":137,"column":43}},{"start":{},"end":{}}],"line":137},"3":{"loc":{"start":{"line":139,"column":22},"end":{"line":139,"column":47}},"type":"binary-expr","locations":[{"start":{"line":139,"column":22},"end":{"line":139,"column":41}},{"start":{"line":139,"column":45},"end":{"line":139,"column":47}}],"line":139},"4":{"loc":{"start":{"line":157,"column":6},"end":{"line":157,"column":64}},"type":"if","locations":[{"start":{"line":157,"column":6},"end":{"line":157,"column":64}},{"start":{},"end":{}}],"line":157},"5":{"loc":{"start":{"line":157,"column":10},"end":{"line":157,"column":49}},"type":"binary-expr","locations":[{"start":{"line":157,"column":10},"end":{"line":157,"column":17}},{"start":{"line":157,"column":21},"end":{"line":157,"column":49}}],"line":157},"6":{"loc":{"start":{"line":167,"column":6},"end":{"line":167,"column":33}},"type":"if","locations":[{"start":{"line":167,"column":6},"end":{"line":167,"column":33}},{"start":{},"end":{}}],"line":167},"7":{"loc":{"start":{"line":182,"column":21},"end":{"line":182,"column":60}},"type":"binary-expr","locations":[{"start":{"line":182,"column":21},"end":{"line":182,"column":39}},{"start":{"line":182,"column":43},"end":{"line":182,"column":60}}],"line":182},"8":{"loc":{"start":{"line":197,"column":19},"end":{"line":197,"column":61}},"type":"binary-expr","locations":[{"start":{"line":197,"column":19},"end":{"line":197,"column":44}},{"start":{"line":197,"column":48},"end":{"line":197,"column":61}}],"line":197},"9":{"loc":{"start":{"line":207,"column":21},"end":{"line":207,"column":63}},"type":"binary-expr","locations":[{"start":{"line":207,"column":21},"end":{"line":207,"column":51}},{"start":{"line":207,"column":55},"end":{"line":207,"column":63}}],"line":207},"10":{"loc":{"start":{"line":226,"column":19},"end":{"line":226,"column":61}},"type":"binary-expr","locations":[{"start":{"line":226,"column":19},"end":{"line":226,"column":44}},{"start":{"line":226,"column":48},"end":{"line":226,"column":61}}],"line":226},"11":{"loc":{"start":{"line":233,"column":22},"end":{"line":233,"column":73}},"type":"binary-expr","locations":[{"start":{"line":233,"column":22},"end":{"line":233,"column":42}},{"start":{"line":233,"column":46},"end":{"line":233,"column":73}}],"line":233},"12":{"loc":{"start":{"line":235,"column":8},"end":{"line":239,"column":31}},"type":"cond-expr","locations":[{"start":{"line":236,"column":12},"end":{"line":236,"column":68}},{"start":{"line":237,"column":12},"end":{"line":239,"column":31}}],"line":235},"13":{"loc":{"start":{"line":236,"column":28},"end":{"line":236,"column":67}},"type":"binary-expr","locations":[{"start":{"line":236,"column":28},"end":{"line":236,"column":61}},{"start":{"line":236,"column":65},"end":{"line":236,"column":67}}],"line":236},"14":{"loc":{"start":{"line":237,"column":12},"end":{"line":239,"column":31}},"type":"cond-expr","locations":[{"start":{"line":238,"column":14},"end":{"line":238,"column":22}},{"start":{"line":239,"column":14},"end":{"line":239,"column":31}}],"line":237},"15":{"loc":{"start":{"line":244,"column":23},"end":{"line":244,"column":51}},"type":"cond-expr","locations":[{"start":{"line":244,"column":33},"end":{"line":244,"column":39}},{"start":{"line":244,"column":42},"end":{"line":244,"column":51}}],"line":244},"16":{"loc":{"start":{"line":281,"column":13},"end":{"line":281,"column":33}},"type":"binary-expr","locations":[{"start":{"line":281,"column":13},"end":{"line":281,"column":18}},{"start":{"line":281,"column":22},"end":{"line":281,"column":33}}],"line":281},"17":{"loc":{"start":{"line":294,"column":2},"end":{"line":305,"column":3}},"type":"switch","locations":[{"start":{"line":295,"column":4},"end":{"line":296,"column":24}},{"start":{"line":297,"column":4},"end":{"line":298,"column":24}},{"start":{"line":299,"column":4},"end":{"line":300,"column":23}},{"start":{"line":301,"column":4},"end":{"line":302,"column":25}},{"start":{"line":303,"column":4},"end":{"line":304,"column":18}}],"line":294}},"s":{"0":2,"1":2,"2":10,"3":2,"4":59,"5":1,"6":20,"7":2,"8":1,"9":1,"10":1,"11":1,"12":1,"13":1,"14":1,"15":4,"16":4,"17":1,"18":3,"19":2,"20":2,"21":1,"22":1,"23":1,"24":1,"25":1,"26":1,"27":8,"28":8,"29":8,"30":8,"31":1,"32":7,"33":1,"34":1,"35":10,"36":10,"37":10,"38":10,"39":1,"40":9,"41":9,"42":9,"43":1,"44":1,"45":1,"46":1,"47":0,"48":0,"49":8,"50":2,"51":2,"52":1,"53":1,"54":2},"f":{"0":10,"1":2,"2":59,"3":8},"b":{"0":[1,20,2,1,1,4,2,1,1,1,1,8,1,1,10,1,1,1,1,0],"1":[20,20],"2":[1,1],"3":[1,1],"4":[1,3],"5":[4,4],"6":[1,1],"7":[1,0],"8":[8,0],"9":[7,0],"10":[10,0],"11":[9,6],"12":[1,8],"13":[1,0],"14":[3,5],"15":[4,5],"16":[0,0],"17":[2,2,1,1,2]},"_coverageSchema":"1a1c01bbd47fc00a2c39e90264f33305004495a9","hash":"4a7044185069cf911de09df5fdf128f93c129307"}
,"/Users/felipepaiva/workspace/BurjX/src/state/transitions.ts": {"path":"/Users/felipepaiva/workspace/BurjX/src/state/transitions.ts","statementMap":{"0":{"start":{"line":17,"column":67},"end":{"line":24,"column":1}},"1":{"start":{"line":28,"column":2},"end":{"line":28,"column":63}},"2":{"start":{"line":37,"column":2},"end":{"line":39,"column":3}},"3":{"start":{"line":38,"column":4},"end":{"line":38,"column":62}}},"fnMap":{"0":{"name":"canTransition","decl":{"start":{"line":27,"column":16},"end":{"line":27,"column":29}},"loc":{"start":{"line":27,"column":71},"end":{"line":29,"column":1}},"line":27},"1":{"name":"assertTransition","decl":{"start":{"line":36,"column":16},"end":{"line":36,"column":32}},"loc":{"start":{"line":36,"column":71},"end":{"line":40,"column":1}},"line":36}},"branchMap":{"0":{"loc":{"start":{"line":28,"column":9},"end":{"line":28,"column":62}},"type":"binary-expr","locations":[{"start":{"line":28,"column":9},"end":{"line":28,"column":20}},{"start":{"line":28,"column":24},"end":{"line":28,"column":62}}],"line":28},"1":{"loc":{"start":{"line":37,"column":2},"end":{"line":39,"column":3}},"type":"if","locations":[{"start":{"line":37,"column":2},"end":{"line":39,"column":3}},{"start":{},"end":{}}],"line":37},"2":{"loc":{"start":{"line":37,"column":6},"end":{"line":37,"column":60}},"type":"binary-expr","locations":[{"start":{"line":37,"column":6},"end":{"line":37,"column":17}},{"start":{"line":37,"column":21},"end":{"line":37,"column":60}}],"line":37}},"s":{"0":2,"1":7,"2":28,"3":8},"f":{"0":7,"1":28},"b":{"0":[7,5],"1":[8,20],"2":[28,21]},"_coverageSchema":"1a1c01bbd47fc00a2c39e90264f33305004495a9","hash":"54c57aaf76e32b40c6a983a984dfa7463b80b59e"}
,"/Users/felipepaiva/workspace/BurjX/src/types/kyc.ts": {"path":"/Users/felipepaiva/workspace/BurjX/src/types/kyc.ts","statementMap":{"0":{"start":{"line":73,"column":73},"end":{"line":82,"column":1}},"1":{"start":{"line":85,"column":28},"end":{"line":91,"column":10}},"2":{"start":{"line":94,"column":30},"end":{"line":94,"column":79}},"3":{"start":{"line":100,"column":73},"end":{"line":115,"column":1}},"4":{"start":{"line":104,"column":17},"end":{"line":104,"column":46}},"5":{"start":{"line":105,"column":4},"end":{"line":105,"column":26}},"6":{"start":{"line":106,"column":4},"end":{"line":106,"column":15}},"7":{"start":{"line":135,"column":58},"end":{"line":140,"column":1}},"8":{"start":{"line":143,"column":33},"end":{"line":143,"column":66}},"9":{"start":{"line":145,"column":32},"end":{"line":146,"column":54}},"10":{"start":{"line":146,"column":2},"end":{"line":146,"column":54}},"11":{"start":{"line":148,"column":37},"end":{"line":149,"column":43}},"12":{"start":{"line":149,"column":2},"end":{"line":149,"column":43}},"13":{"start":{"line":159,"column":16},"end":{"line":159,"column":60}},"14":{"start":{"line":159,"column":34},"end":{"line":159,"column":59}},"15":{"start":{"line":160,"column":2},"end":{"line":160,"column":72}},"16":{"start":{"line":160,"column":34},"end":{"line":160,"column":51}}},"fnMap":{"0":{"name":"(anonymous_0)","decl":{"start":{"line":103,"column":2},"end":{"line":103,"column":3}},"loc":{"start":{"line":103,"column":18},"end":{"line":107,"column":3}},"line":103},"1":{"name":"(anonymous_1)","decl":{"start":{"line":145,"column":32},"end":{"line":145,"column":33}},"loc":{"start":{"line":146,"column":2},"end":{"line":146,"column":54}},"line":146},"2":{"name":"(anonymous_2)","decl":{"start":{"line":148,"column":37},"end":{"line":148,"column":38}},"loc":{"start":{"line":149,"column":2},"end":{"line":149,"column":43}},"line":149},"3":{"name":"earliestStepFor","decl":{"start":{"line":158,"column":16},"end":{"line":158,"column":31}},"loc":{"start":{"line":158,"column":69},"end":{"line":161,"column":1}},"line":158},"4":{"name":"(anonymous_4)","decl":{"start":{"line":159,"column":27},"end":{"line":159,"column":28}},"loc":{"start":{"line":159,"column":34},"end":{"line":159,"column":59}},"line":159},"5":{"name":"(anonymous_5)","decl":{"start":{"line":160,"column":27},"end":{"line":160,"column":28}},"loc":{"start":{"line":160,"column":34},"end":{"line":160,"column":51}},"line":160}},"branchMap":{"0":{"loc":{"start":{"line":160,"column":9},"end":{"line":160,"column":71}},"type":"binary-expr","locations":[{"start":{"line":160,"column":9},"end":{"line":160,"column":52}},{"start":{"line":160,"column":56},"end":{"line":160,"column":71}}],"line":160}},"s":{"0":6,"1":6,"2":6,"3":6,"4":48,"5":48,"6":48,"7":6,"8":6,"9":6,"10":52,"11":6,"12":15,"13":6,"14":7,"15":6,"16":15},"f":{"0":48,"1":52,"2":15,"3":6,"4":7,"5":15},"b":{"0":[6,1]},"_coverageSchema":"1a1c01bbd47fc00a2c39e90264f33305004495a9","hash":"cfb4ae00c43f2b5f630a962323850bf9efa3c802"}
,"/Users/felipepaiva/workspace/BurjX/src/utils/redaction.ts": {"path":"/Users/felipepaiva/workspace/BurjX/src/utils/redaction.ts","statementMap":{"0":{"start":{"line":15,"column":20},"end":{"line":15,"column":25}},"1":{"start":{"line":39,"column":2},"end":{"line":39,"column":24}},"2":{"start":{"line":39,"column":12},"end":{"line":39,"column":24}},"3":{"start":{"line":40,"column":2},"end":{"line":63,"column":4}},"4":{"start":{"line":72,"column":2},"end":{"line":72,"column":34}}},"fnMap":{"0":{"name":"redact","decl":{"start":{"line":38,"column":16},"end":{"line":38,"column":22}},"loc":{"start":{"line":38,"column":79},"end":{"line":64,"column":1}},"line":38},"1":{"name":"logRedacted","decl":{"start":{"line":70,"column":16},"end":{"line":70,"column":27}},"loc":{"start":{"line":70,"column":77},"end":{"line":73,"column":1}},"line":70}},"branchMap":{"0":{"loc":{"start":{"line":39,"column":2},"end":{"line":39,"column":24}},"type":"if","locations":[{"start":{"line":39,"column":2},"end":{"line":39,"column":24}},{"start":{},"end":{}}],"line":39},"1":{"loc":{"start":{"line":48,"column":18},"end":{"line":54,"column":17}},"type":"cond-expr","locations":[{"start":{"line":49,"column":8},"end":{"line":53,"column":9}},{"start":{"line":54,"column":8},"end":{"line":54,"column":17}}],"line":48},"2":{"loc":{"start":{"line":55,"column":13},"end":{"line":57,"column":17}},"type":"cond-expr","locations":[{"start":{"line":56,"column":8},"end":{"line":56,"column":77}},{"start":{"line":57,"column":8},"end":{"line":57,"column":17}}],"line":55},"3":{"loc":{"start":{"line":58,"column":14},"end":{"line":60,"column":17}},"type":"cond-expr","locations":[{"start":{"line":59,"column":8},"end":{"line":59,"column":57}},{"start":{"line":60,"column":8},"end":{"line":60,"column":17}}],"line":58}},"s":{"0":1,"1":5,"2":1,"3":4,"4":0},"f":{"0":5,"1":0},"b":{"0":[1,4],"1":[3,1],"2":[3,1],"3":[3,1]},"_coverageSchema":"1a1c01bbd47fc00a2c39e90264f33305004495a9","hash":"944d20a6b4d265272063c906cff9cc07cb532ec2"}
,"/Users/felipepaiva/workspace/BurjX/src/validation/stepValidation.ts": {"path":"/Users/felipepaiva/workspace/BurjX/src/validation/stepValidation.ts","statementMap":{"0":{"start":{"line":20,"column":29},"end":{"line":20,"column":31}},"1":{"start":{"line":34,"column":2},"end":{"line":34,"column":62}},"2":{"start":{"line":43,"column":12},"end":{"line":43,"column":49}},"3":{"start":{"line":44,"column":20},"end":{"line":44,"column":51}},"4":{"start":{"line":45,"column":2},"end":{"line":47,"column":3}},"5":{"start":{"line":46,"column":4},"end":{"line":46,"column":13}},"6":{"start":{"line":48,"column":2},"end":{"line":48,"column":13}},"7":{"start":{"line":56,"column":2},"end":{"line":56,"column":39}},"8":{"start":{"line":56,"column":26},"end":{"line":56,"column":39}},"9":{"start":{"line":57,"column":13},"end":{"line":57,"column":30}},"10":{"start":{"line":58,"column":2},"end":{"line":58,"column":41}},"11":{"start":{"line":58,"column":28},"end":{"line":58,"column":41}},"12":{"start":{"line":59,"column":14},"end":{"line":59,"column":26}},"13":{"start":{"line":60,"column":2},"end":{"line":60,"column":50}},"14":{"start":{"line":60,"column":37},"end":{"line":60,"column":50}},"15":{"start":{"line":61,"column":2},"end":{"line":61,"column":47}},"16":{"start":{"line":64,"column":23},"end":{"line":64,"column":78}},"17":{"start":{"line":76,"column":2},"end":{"line":111,"column":3}},"18":{"start":{"line":78,"column":6},"end":{"line":80,"column":36}},"19":{"start":{"line":82,"column":6},"end":{"line":84,"column":63}},"20":{"start":{"line":86,"column":6},"end":{"line":88,"column":37}},"21":{"start":{"line":90,"column":6},"end":{"line":90,"column":78}},"22":{"start":{"line":92,"column":6},"end":{"line":92,"column":72}},"23":{"start":{"line":94,"column":6},"end":{"line":96,"column":40}},"24":{"start":{"line":98,"column":6},"end":{"line":101,"column":36}},"25":{"start":{"line":103,"column":6},"end":{"line":105,"column":41}},"26":{"start":{"line":108,"column":33},"end":{"line":108,"column":38}},"27":{"start":{"line":109,"column":6},"end":{"line":109,"column":25}},"28":{"start":{"line":124,"column":31},"end":{"line":124,"column":33}},"29":{"start":{"line":125,"column":2},"end":{"line":128,"column":3}},"30":{"start":{"line":126,"column":20},"end":{"line":126,"column":50}},"31":{"start":{"line":127,"column":4},"end":{"line":127,"column":49}},"32":{"start":{"line":127,"column":17},"end":{"line":127,"column":49}},"33":{"start":{"line":129,"column":2},"end":{"line":129,"column":48}},"34":{"start":{"line":141,"column":2},"end":{"line":141,"column":62}},"35":{"start":{"line":149,"column":2},"end":{"line":149,"column":56}},"36":{"start":{"line":149,"column":28},"end":{"line":149,"column":45}}},"fnMap":{"0":{"name":"isNonEmpty","decl":{"start":{"line":33,"column":9},"end":{"line":33,"column":19}},"loc":{"start":{"line":33,"column":45},"end":{"line":35,"column":1}},"line":33},"1":{"name":"ageInYears","decl":{"start":{"line":42,"column":16},"end":{"line":42,"column":26}},"loc":{"start":{"line":42,"column":57},"end":{"line":49,"column":1}},"line":42},"2":{"name":"isPlausibleDOB","decl":{"start":{"line":55,"column":16},"end":{"line":55,"column":30}},"loc":{"start":{"line":55,"column":79},"end":{"line":62,"column":1}},"line":55},"3":{"name":"validateField","decl":{"start":{"line":71,"column":16},"end":{"line":71,"column":29}},"loc":{"start":{"line":75,"column":17},"end":{"line":112,"column":1}},"line":75},"4":{"name":"validateFields","decl":{"start":{"line":119,"column":16},"end":{"line":119,"column":30}},"loc":{"start":{"line":123,"column":24},"end":{"line":130,"column":1}},"line":123},"5":{"name":"validateStep","decl":{"start":{"line":136,"column":16},"end":{"line":136,"column":28}},"loc":{"start":{"line":140,"column":24},"end":{"line":142,"column":1}},"line":140},"6":{"name":"errorFor","decl":{"start":{"line":145,"column":16},"end":{"line":145,"column":24}},"loc":{"start":{"line":148,"column":22},"end":{"line":150,"column":1}},"line":148},"7":{"name":"(anonymous_7)","decl":{"start":{"line":149,"column":21},"end":{"line":149,"column":22}},"loc":{"start":{"line":149,"column":28},"end":{"line":149,"column":45}},"line":149}},"branchMap":{"0":{"loc":{"start":{"line":34,"column":9},"end":{"line":34,"column":61}},"type":"binary-expr","locations":[{"start":{"line":34,"column":9},"end":{"line":34,"column":34}},{"start":{"line":34,"column":38},"end":{"line":34,"column":61}}],"line":34},"1":{"loc":{"start":{"line":45,"column":2},"end":{"line":47,"column":3}},"type":"if","locations":[{"start":{"line":45,"column":2},"end":{"line":47,"column":3}},{"start":{},"end":{}}],"line":45},"2":{"loc":{"start":{"line":45,"column":6},"end":{"line":45,"column":73}},"type":"binary-expr","locations":[{"start":{"line":45,"column":6},"end":{"line":45,"column":19}},{"start":{"line":45,"column":24},"end":{"line":45,"column":39}},{"start":{"line":45,"column":43},"end":{"line":45,"column":72}}],"line":45},"3":{"loc":{"start":{"line":55,"column":46},"end":{"line":55,"column":68}},"type":"default-arg","locations":[{"start":{"line":55,"column":58},"end":{"line":55,"column":68}}],"line":55},"4":{"loc":{"start":{"line":56,"column":2},"end":{"line":56,"column":39}},"type":"if","locations":[{"start":{"line":56,"column":2},"end":{"line":56,"column":39}},{"start":{},"end":{}}],"line":56},"5":{"loc":{"start":{"line":58,"column":2},"end":{"line":58,"column":41}},"type":"if","locations":[{"start":{"line":58,"column":2},"end":{"line":58,"column":41}},{"start":{},"end":{}}],"line":58},"6":{"loc":{"start":{"line":60,"column":2},"end":{"line":60,"column":50}},"type":"if","locations":[{"start":{"line":60,"column":2},"end":{"line":60,"column":50}},{"start":{},"end":{}}],"line":60},"7":{"loc":{"start":{"line":74,"column":2},"end":{"line":74,"column":24}},"type":"default-arg","locations":[{"start":{"line":74,"column":14},"end":{"line":74,"column":24}}],"line":74},"8":{"loc":{"start":{"line":76,"column":2},"end":{"line":111,"column":3}},"type":"switch","locations":[{"start":{"line":77,"column":4},"end":{"line":80,"column":36}},{"start":{"line":81,"column":4},"end":{"line":84,"column":63}},{"start":{"line":85,"column":4},"end":{"line":88,"column":37}},{"start":{"line":89,"column":4},"end":{"line":90,"column":78}},{"start":{"line":91,"column":4},"end":{"line":92,"column":72}},{"start":{"line":93,"column":4},"end":{"line":96,"column":40}},{"start":{"line":97,"column":4},"end":{"line":101,"column":36}},{"start":{"line":102,"column":4},"end":{"line":105,"column":41}},{"start":{"line":106,"column":4},"end":{"line":110,"column":5}}],"line":76},"9":{"loc":{"start":{"line":78,"column":13},"end":{"line":80,"column":35}},"type":"cond-expr","locations":[{"start":{"line":79,"column":10},"end":{"line":79,"column":14}},{"start":{"line":80,"column":10},"end":{"line":80,"column":35}}],"line":78},"10":{"loc":{"start":{"line":82,"column":13},"end":{"line":84,"column":62}},"type":"cond-expr","locations":[{"start":{"line":83,"column":10},"end":{"line":83,"column":14}},{"start":{"line":84,"column":10},"end":{"line":84,"column":62}}],"line":82},"11":{"loc":{"start":{"line":82,"column":28},"end":{"line":82,"column":63}},"type":"binary-expr","locations":[{"start":{"line":82,"column":28},"end":{"line":82,"column":57}},{"start":{"line":82,"column":61},"end":{"line":82,"column":63}}],"line":82},"12":{"loc":{"start":{"line":86,"column":13},"end":{"line":88,"column":36}},"type":"cond-expr","locations":[{"start":{"line":87,"column":10},"end":{"line":87,"column":14}},{"start":{"line":88,"column":10},"end":{"line":88,"column":36}}],"line":86},"13":{"loc":{"start":{"line":90,"column":13},"end":{"line":90,"column":77}},"type":"cond-expr","locations":[{"start":{"line":90,"column":48},"end":{"line":90,"column":52}},{"start":{"line":90,"column":55},"end":{"line":90,"column":77}}],"line":90},"14":{"loc":{"start":{"line":92,"column":13},"end":{"line":92,"column":71}},"type":"cond-expr","locations":[{"start":{"line":92,"column":45},"end":{"line":92,"column":49}},{"start":{"line":92,"column":52},"end":{"line":92,"column":71}}],"line":92},"15":{"loc":{"start":{"line":94,"column":13},"end":{"line":96,"column":39}},"type":"cond-expr","locations":[{"start":{"line":95,"column":10},"end":{"line":95,"column":14}},{"start":{"line":96,"column":10},"end":{"line":96,"column":39}}],"line":94},"16":{"loc":{"start":{"line":98,"column":13},"end":{"line":101,"column":35}},"type":"cond-expr","locations":[{"start":{"line":100,"column":10},"end":{"line":100,"column":14}},{"start":{"line":101,"column":10},"end":{"line":101,"column":35}}],"line":98},"17":{"loc":{"start":{"line":98,"column":13},"end":{"line":99,"column":73}},"type":"binary-expr","locations":[{"start":{"line":98,"column":13},"end":{"line":98,"column":31}},{"start":{"line":99,"column":8},"end":{"line":99,"column":73}}],"line":98},"18":{"loc":{"start":{"line":103,"column":13},"end":{"line":105,"column":40}},"type":"cond-expr","locations":[{"start":{"line":104,"column":10},"end":{"line":104,"column":14}},{"start":{"line":105,"column":10},"end":{"line":105,"column":40}}],"line":103},"19":{"loc":{"start":{"line":122,"column":2},"end":{"line":122,"column":24}},"type":"default-arg","locations":[{"start":{"line":122,"column":14},"end":{"line":122,"column":24}}],"line":122},"20":{"loc":{"start":{"line":127,"column":4},"end":{"line":127,"column":49}},"type":"if","locations":[{"start":{"line":127,"column":4},"end":{"line":127,"column":49}},{"start":{},"end":{}}],"line":127},"21":{"loc":{"start":{"line":139,"column":2},"end":{"line":139,"column":24}},"type":"default-arg","locations":[{"start":{"line":139,"column":14},"end":{"line":139,"column":24}}],"line":139}},"s":{"0":1,"1":32,"2":10,"3":10,"4":10,"5":3,"6":10,"7":12,"8":2,"9":10,"10":10,"11":1,"12":9,"13":9,"14":1,"15":8,"16":1,"17":26,"18":6,"19":4,"20":4,"21":2,"22":2,"23":2,"24":2,"25":4,"26":0,"27":0,"28":6,"29":6,"30":10,"31":10,"32":2,"33":6,"34":4,"35":0,"36":0},"f":{"0":32,"1":10,"2":12,"3":26,"4":6,"5":4,"6":0,"7":0},"b":{"0":[32,32],"1":[3,7],"2":[10,9,3],"3":[0],"4":[2,10],"5":[1,9],"6":[1,8],"7":[0],"8":[6,4,4,2,2,2,2,4,0],"9":[4,2],"10":[3,1],"11":[4,0],"12":[3,1],"13":[1,1],"14":[1,1],"15":[1,1],"16":[1,1],"17":[2,1],"18":[2,2],"19":[0],"20":[2,8],"21":[0]},"_coverageSchema":"1a1c01bbd47fc00a2c39e90264f33305004495a9","hash":"f135784f8a5742e57a6b29fd28f5713a65cb497e"}
}
