TN:
SF:src/hooks/usePollKycStatus.ts
FN:36,isStopStatus
FN:40,usePollKycStatus
FN:54,(anonymous_2)
FN:61,(anonymous_3)
FN:65,(anonymous_4)
FN:94,(anonymous_5)
FNF:6
FNH:6
FNDA:6,isStopStatus
FNDA:5,usePollKycStatus
FNDA:5,(anonymous_2)
FNDA:10,(anonymous_3)
FNDA:10,(anonymous_4)
FNDA:4,(anonymous_5)
DA:37,6
DA:51,5
DA:52,5
DA:54,5
DA:55,5
DA:57,4
DA:58,4
DA:59,4
DA:61,4
DA:62,10
DA:65,4
DA:67,10
DA:68,10
DA:70,3
DA:71,3
DA:72,3
DA:73,3
DA:74,1
DA:75,1
DA:77,2
DA:78,2
DA:81,7
DA:82,7
DA:83,6
DA:84,6
DA:85,5
DA:86,1
DA:87,1
DA:89,4
DA:92,4
DA:94,4
DA:95,4
DA:96,4
LF:33
LH:33
BRDA:37,0,0,6
BRDA:37,0,1,5
BRDA:45,1,0,0
BRDA:46,2,0,1
BRDA:47,3,0,0
BRDA:55,4,0,1
BRDA:55,4,1,4
BRDA:71,5,0,0
BRDA:71,5,1,3
BRDA:73,6,0,1
BRDA:73,6,1,2
BRDA:82,7,0,1
BRDA:82,7,1,6
BRDA:84,8,0,1
BRDA:84,8,1,5
BRDA:85,9,0,1
BRDA:85,9,1,4
BRDA:96,10,0,4
BRDA:96,10,1,0
BRF:19
BRH:15
end_of_record
TN:
SF:src/services/draftStorage.ts
FN:25,(anonymous_0)
FN:32,isValidDraft
FN:50,saveDraft
FN:70,loadDraft
FN:90,archiveDraft
FN:102,clearDraft
FNF:6
FNH:6
FNDA:1,(anonymous_0)
FNDA:2,isValidDraft
FNDA:4,saveDraft
FNDA:6,loadDraft
FNDA:2,archiveDraft
FNDA:1,clearDraft
DA:20,1
DA:21,1
DA:26,1
DA:27,1
DA:33,2
DA:34,2
DA:35,2
DA:36,1
DA:37,1
DA:38,1
DA:54,4
DA:58,4
DA:59,4
DA:60,3
DA:62,1
DA:72,6
DA:73,6
DA:75,1
DA:77,5
DA:78,3
DA:79,3
DA:80,2
DA:82,1
DA:91,2
DA:92,2
DA:93,1
DA:94,1
DA:103,1
LF:28
LH:28
BRDA:33,0,0,0
BRDA:33,0,1,2
BRDA:33,1,0,2
BRDA:33,1,1,2
BRDA:35,2,0,1
BRDA:35,2,1,1
BRDA:37,3,0,0
BRDA:37,3,1,1
BRDA:37,4,0,1
BRDA:37,4,1,1
BRDA:39,5,0,1
BRDA:39,5,1,1
BRDA:39,5,2,1
BRDA:39,5,3,1
BRDA:52,6,0,2
BRDA:77,7,0,2
BRDA:77,7,1,3
BRDA:80,8,0,1
BRDA:80,8,1,1
BRDA:92,9,0,1
BRDA:92,9,1,1
BRF:21
BRH:19
end_of_record
TN:
SF:src/services/fakeKycService.ts
FN:25,(anonymous_0)
FN:26,(anonymous_1)
FN:42,nowIso
FN:46,defaultApplication
FN:59,__resetKyc
FN:73,seedKyc
FN:80,isLockedStatus
FN:84,classifyOutcome
FN:91,buildTerminal
FN:120,fetchKycApplication
FN:133,saveKycDraft
FN:167,submitKycApplication
FN:203,pollKycStatus
FNF:13
FNH:13
FNDA:45,(anonymous_0)
FNDA:45,(anonymous_1)
FNDA:26,nowIso
FNDA:2,defaultApplication
FNDA:28,__resetKyc
FNDA:1,seedKyc
FNDA:3,isLockedStatus
FNDA:11,classifyOutcome
FNDA:11,buildTerminal
FNDA:2,fetchKycApplication
FNDA:3,saveKycDraft
FNDA:13,submitKycApplication
FNDA:27,pollKycStatus
DA:23,3
DA:25,3
DA:26,45
DA:35,3
DA:43,26
DA:47,2
DA:60,28
DA:61,28
DA:62,28
DA:63,28
DA:74,1
DA:75,1
DA:76,1
DA:81,3
DA:85,11
DA:86,11
DA:87,9
DA:88,7
DA:92,11
DA:93,11
DA:94,2
DA:102,9
DA:103,2
DA:111,7
DA:121,2
DA:122,2
DA:136,3
DA:137,3
DA:138,3
DA:139,1
DA:141,2
DA:153,2
DA:156,2
DA:157,2
DA:158,2
DA:170,13
DA:172,13
DA:173,13
DA:175,12
DA:178,12
DA:179,1
DA:183,11
DA:184,11
DA:186,11
DA:192,11
DA:193,11
DA:194,11
DA:204,27
DA:205,27
DA:208,27
DA:209,1
DA:211,26
DA:212,2
DA:215,24
DA:216,24
DA:217,8
DA:218,8
DA:220,16
LF:58
LH:58
BRDA:25,0,0,45
BRDA:60,1,0,28
BRDA:60,1,1,17
BRDA:81,2,0,3
BRDA:81,2,1,2
BRDA:85,3,0,11
BRDA:85,3,1,0
BRDA:86,4,0,2
BRDA:86,4,1,9
BRDA:87,5,0,2
BRDA:87,5,1,7
BRDA:93,6,0,2
BRDA:93,6,1,9
BRDA:102,7,0,2
BRDA:102,7,1,7
BRDA:122,8,0,2
BRDA:122,8,1,1
BRDA:137,9,0,3
BRDA:137,9,1,0
BRDA:138,10,0,1
BRDA:138,10,1,2
BRDA:145,11,0,0
BRDA:145,11,1,2
BRDA:148,12,0,0
BRDA:148,12,1,2
BRDA:149,13,0,2
BRDA:149,13,1,0
BRDA:173,14,0,1
BRDA:173,14,1,12
BRDA:175,15,0,12
BRDA:175,15,1,0
BRDA:178,16,0,1
BRDA:178,16,1,11
BRDA:205,17,0,27
BRDA:205,17,1,1
BRDA:208,18,0,1
BRDA:208,18,1,26
BRDA:208,19,0,27
BRDA:208,19,1,26
BRDA:211,20,0,2
BRDA:211,20,1,24
BRDA:216,21,0,8
BRDA:216,21,1,16
BRDA:216,22,0,24
BRDA:216,22,1,8
BRF:45
BRH:39
end_of_record
TN:
SF:src/state/conflictResolution.ts
FN:46,prefill
FN:62,reconcile
FNF:2
FNH:2
FNDA:3,prefill
FNDA:15,reconcile
DA:47,3
DA:48,3
DA:49,3
DA:50,3
DA:52,2
DA:53,2
DA:66,15
DA:67,9
DA:68,5
DA:69,5
DA:70,5
DA:71,5
DA:81,4
DA:91,6
DA:92,1
DA:105,5
DA:106,1
DA:115,4
DA:116,4
DA:117,4
DA:119,4
DA:122,3
DA:133,1
LF:23
LH:23
BRDA:49,0,0,3
BRDA:49,0,1,3
BRDA:49,0,2,3
BRDA:50,1,0,1
BRDA:50,1,1,2
BRDA:55,2,0,2
BRDA:55,2,1,1
BRDA:56,3,0,2
BRDA:56,3,1,1
BRDA:57,4,0,2
BRDA:57,4,1,2
BRDA:66,5,0,9
BRDA:66,5,1,6
BRDA:67,6,0,5
BRDA:67,6,1,4
BRDA:68,7,0,5
BRDA:68,7,1,0
BRDA:70,8,0,1
BRDA:70,8,1,4
BRDA:91,9,0,1
BRDA:91,9,1,5
BRDA:95,10,0,1
BRDA:95,10,1,0
BRDA:105,11,0,1
BRDA:105,11,1,4
BRDA:109,12,0,1
BRDA:109,12,1,0
BRDA:117,13,0,4
BRDA:117,13,1,3
BRDA:119,14,0,3
BRDA:119,14,1,1
BRDA:119,15,0,4
BRDA:119,15,1,3
BRDA:125,16,0,3
BRDA:125,16,1,0
BRDA:126,17,0,1
BRDA:126,17,1,2
BRDA:136,18,0,1
BRDA:136,18,1,0
BRF:39
BRH:34
end_of_record
TN:
SF:src/state/reducer.ts
FN:71,(anonymous_0)
FN:102,illegalTransition
FN:117,reducer
FN:293,selectStatusVariant
FNF:4
FNH:4
FNDA:10,(anonymous_0)
FNDA:2,illegalTransition
FNDA:59,reducer
FNDA:8,selectStatusVariant
DA:58,2
DA:71,10
DA:107,2
DA:118,59
DA:120,1
DA:124,20
DA:137,2
DA:138,1
DA:139,1
DA:142,1
DA:146,1
DA:150,1
DA:153,1
DA:156,4
DA:157,4
DA:158,3
DA:166,2
DA:167,2
DA:168,1
DA:176,1
DA:179,1
DA:187,1
DA:194,1
DA:197,8
DA:198,8
DA:199,8
DA:200,8
DA:202,1
DA:204,7
DA:216,1
DA:223,1
DA:226,10
DA:227,10
DA:228,10
DA:229,10
DA:231,1
DA:233,9
DA:235,9
DA:240,9
DA:250,1
DA:261,1
DA:269,1
DA:277,1
DA:280,0
DA:281,0
DA:294,8
DA:296,2
DA:298,2
DA:300,1
DA:302,1
DA:304,2
LF:51
LH:49
BRDA:118,0,0,1
BRDA:118,0,1,20
BRDA:118,0,2,2
BRDA:118,0,3,1
BRDA:118,0,4,1
BRDA:118,0,5,4
BRDA:118,0,6,2
BRDA:118,0,7,1
BRDA:118,0,8,1
BRDA:118,0,9,1
BRDA:118,0,10,1
BRDA:118,0,11,8
BRDA:118,0,12,1
BRDA:118,0,13,1
BRDA:118,0,14,10
BRDA:118,0,15,1
BRDA:118,0,16,1
BRDA:118,0,17,1
BRDA:118,0,18,1
BRDA:118,0,19,0
BRDA:133,1,0,20
BRDA:133,1,1,20
BRDA:137,2,0,1
BRDA:137,2,1,1
BRDA:139,3,0,1
BRDA:139,3,1,1
BRDA:157,4,0,1
BRDA:157,4,1,3
BRDA:157,5,0,4
BRDA:157,5,1,4
BRDA:167,6,0,1
BRDA:167,6,1,1
BRDA:182,7,0,1
BRDA:182,7,1,0
BRDA:197,8,0,8
BRDA:197,8,1,0
BRDA:207,9,0,7
BRDA:207,9,1,0
BRDA:226,10,0,10
BRDA:226,10,1,0
BRDA:233,11,0,9
BRDA:233,11,1,6
BRDA:235,12,0,1
BRDA:235,12,1,8
BRDA:236,13,0,1
BRDA:236,13,1,0
BRDA:237,14,0,3
BRDA:237,14,1,5
BRDA:244,15,0,4
BRDA:244,15,1,5
BRDA:281,16,0,0
BRDA:281,16,1,0
BRDA:294,17,0,2
BRDA:294,17,1,2
BRDA:294,17,2,1
BRDA:294,17,3,1
BRDA:294,17,4,2
BRF:57
BRH:49
end_of_record
TN:
SF:src/state/transitions.ts
FN:27,canTransition
FN:36,assertTransition
FNF:2
FNH:2
FNDA:7,canTransition
FNDA:28,assertTransition
DA:17,2
DA:28,7
DA:37,28
DA:38,8
LF:4
LH:4
BRDA:28,0,0,7
BRDA:28,0,1,5
BRDA:37,1,0,8
BRDA:37,1,1,20
BRDA:37,2,0,28
BRDA:37,2,1,21
BRF:6
BRH:6
end_of_record
TN:
SF:src/types/kyc.ts
FN:103,(anonymous_0)
FN:145,(anonymous_1)
FN:148,(anonymous_2)
FN:158,earliestStepFor
FN:159,(anonymous_4)
FN:160,(anonymous_5)
FNF:6
FNH:6
FNDA:48,(anonymous_0)
FNDA:52,(anonymous_1)
FNDA:15,(anonymous_2)
FNDA:6,earliestStepFor
FNDA:7,(anonymous_4)
FNDA:15,(anonymous_5)
DA:73,6
DA:85,6
DA:94,6
DA:100,6
DA:104,48
DA:105,48
DA:106,48
DA:135,6
DA:143,6
DA:145,6
DA:146,52
DA:148,6
DA:149,15
DA:159,7
DA:160,15
LF:15
LH:15
BRDA:160,0,0,6
BRDA:160,0,1,1
BRF:2
BRH:2
end_of_record
TN:
SF:src/utils/redaction.ts
FN:38,redact
FN:70,logRedacted
FNF:2
FNH:1
FNDA:5,redact
FNDA:0,logRedacted
DA:15,1
DA:39,5
DA:40,4
DA:72,0
LF:4
LH:3
BRDA:39,0,0,1
BRDA:39,0,1,4
BRDA:48,1,0,3
BRDA:48,1,1,1
BRDA:55,2,0,3
BRDA:55,2,1,1
BRDA:58,3,0,3
BRDA:58,3,1,1
BRF:8
BRH:8
end_of_record
TN:
SF:src/validation/stepValidation.ts
FN:33,isNonEmpty
FN:42,ageInYears
FN:55,isPlausibleDOB
FN:71,validateField
FN:119,validateFields
FN:136,validateStep
FN:145,errorFor
FN:149,(anonymous_7)
FNF:8
FNH:6
FNDA:32,isNonEmpty
FNDA:10,ageInYears
FNDA:12,isPlausibleDOB
FNDA:26,validateField
FNDA:6,validateFields
FNDA:4,validateStep
FNDA:0,errorFor
FNDA:0,(anonymous_7)
DA:20,1
DA:34,32
DA:43,10
DA:44,10
DA:45,10
DA:46,3
DA:48,10
DA:56,12
DA:57,10
DA:58,10
DA:59,9
DA:60,9
DA:61,8
DA:64,1
DA:76,26
DA:78,6
DA:82,4
DA:86,4
DA:90,2
DA:92,2
DA:94,2
DA:98,2
DA:103,4
DA:108,0
DA:109,0
DA:124,6
DA:125,6
DA:126,10
DA:127,10
DA:129,6
DA:141,4
DA:149,0
LF:32
LH:29
BRDA:34,0,0,32
BRDA:34,0,1,32
BRDA:45,1,0,3
BRDA:45,1,1,7
BRDA:45,2,0,10
BRDA:45,2,1,9
BRDA:45,2,2,3
BRDA:55,3,0,0
BRDA:56,4,0,2
BRDA:56,4,1,10
BRDA:58,5,0,1
BRDA:58,5,1,9
BRDA:60,6,0,1
BRDA:60,6,1,8
BRDA:74,7,0,0
BRDA:76,8,0,6
BRDA:76,8,1,4
BRDA:76,8,2,4
BRDA:76,8,3,2
BRDA:76,8,4,2
BRDA:76,8,5,2
BRDA:76,8,6,2
BRDA:76,8,7,4
BRDA:76,8,8,0
BRDA:78,9,0,4
BRDA:78,9,1,2
BRDA:82,10,0,3
BRDA:82,10,1,1
BRDA:82,11,0,4
BRDA:82,11,1,0
BRDA:86,12,0,3
BRDA:86,12,1,1
BRDA:90,13,0,1
BRDA:90,13,1,1
BRDA:92,14,0,1
BRDA:92,14,1,1
BRDA:94,15,0,1
BRDA:94,15,1,1
BRDA:98,16,0,1
BRDA:98,16,1,1
BRDA:98,17,0,2
BRDA:98,17,1,1
BRDA:103,18,0,2
BRDA:103,18,1,2
BRDA:122,19,0,0
BRDA:127,20,0,2
BRDA:127,20,1,8
BRDA:139,21,0,0
BRF:48
BRH:42
end_of_record
